TN:
SF:/Users/emiliano/projetos/gitlab-ci-dashboard/src/App.vue
FNF:0
FNH:0
DA:54,2
LF:1
LH:1
BRF:0
BRH:0
end_of_record
TN:
SF:/Users/emiliano/projetos/gitlab-ci-dashboard/src/components/Painel.vue
FN:44,(anonymous_0)
FN:48,(anonymous_1)
FNF:2
FNH:2
FNDA:30,(anonymous_0)
FNDA:5,(anonymous_1)
DA:44,6
DA:45,30
DA:46,20
DA:48,10
DA:49,5
DA:51,10
DA:52,1
DA:53,1
DA:55,10
DA:59,6
DA:62,6
DA:65,6
DA:69,5
LF:13
LH:13
BRDA:45,0,0,20
BRDA:45,0,1,10
BRDA:51,1,0,1
BRDA:51,1,1,9
BRF:4
BRH:4
end_of_record
TN:
SF:/Users/emiliano/projetos/gitlab-ci-dashboard/src/components/Error.vue
FNF:0
FNH:0
DA:15,6
DA:18,5
LF:2
LH:2
BRDA:15,0,0,6
BRDA:15,0,1,2
BRDA:15,0,2,2
BRDA:18,1,0,1
BRDA:18,1,1,4
BRDA:18,2,0,5
BRDA:18,2,1,1
BRF:7
BRH:7
end_of_record
TN:
SF:/Users/emiliano/projetos/gitlab-ci-dashboard/src/components/InvalidConfig.vue
FNF:0
FNH:0
DA:48,3
LF:1
LH:1
BRF:0
BRH:0
end_of_record
TN:
SF:/Users/emiliano/projetos/gitlab-ci-dashboard/src/components/Loading.vue
FNF:0
FNH:0
DA:12,2
LF:1
LH:1
BRF:0
BRH:0
end_of_record
TN:
SF:/Users/emiliano/projetos/gitlab-ci-dashboard/src/components/Builds.vue
FNF:0
FNH:0
DA:49,8
DA:55,1
DA:58,2
DA:61,1
DA:64,2
DA:65,1
DA:67,1
LF:7
LH:7
BRDA:58,0,0,2
BRDA:58,0,1,2
BRDA:64,1,0,1
BRDA:64,1,1,1
BRDA:67,2,0,1
BRDA:67,2,1,0
BRF:6
BRH:5
end_of_record
TN:
SF:/Users/emiliano/projetos/gitlab-ci-dashboard/src/main.js
FN:11,(anonymous_0)
FN:36,(anonymous_1)
FN:53,(anonymous_2)
FN:55,(anonymous_3)
FN:58,(anonymous_4)
FN:63,(anonymous_5)
FN:108,(anonymous_6)
FN:118,(anonymous_7)
FN:129,(anonymous_8)
FN:141,(anonymous_9)
FN:196,(anonymous_10)
FN:266,(anonymous_11)
FN:269,(anonymous_12)
FN:286,(anonymous_13)
FN:291,(anonymous_14)
FN:317,(anonymous_15)
FN:372,(anonymous_16)
FN:375,(anonymous_17)
FN:378,(anonymous_18)
FNF:19
FNH:3
FNDA:1,(anonymous_0)
FNDA:17,(anonymous_1)
FNDA:0,(anonymous_2)
FNDA:0,(anonymous_3)
FNDA:0,(anonymous_4)
FNDA:1,(anonymous_5)
FNDA:0,(anonymous_6)
FNDA:0,(anonymous_7)
FNDA:0,(anonymous_8)
FNDA:0,(anonymous_9)
FNDA:0,(anonymous_10)
FNDA:0,(anonymous_11)
FNDA:0,(anonymous_12)
FNDA:0,(anonymous_13)
FNDA:0,(anonymous_14)
FNDA:0,(anonymous_15)
FNDA:0,(anonymous_16)
FNDA:0,(anonymous_17)
FNDA:0,(anonymous_18)
DA:9,1
DA:11,1
DA:12,1
DA:13,1
DA:14,1
DA:15,1
DA:16,1
DA:17,1
DA:18,1
DA:19,1
DA:20,1
DA:21,1
DA:23,1
DA:30,0
DA:33,1
DA:36,1
DA:37,17
DA:38,17
DA:39,17
DA:40,17
DA:41,17
DA:42,7
DA:43,7
DA:44,7
DA:45,0
DA:47,7
DA:48,1
DA:50,6
DA:53,1
DA:54,0
DA:56,0
DA:59,0
DA:63,1
DA:64,1
DA:65,0
DA:67,1
DA:70,1
DA:71,1
DA:72,1
DA:73,1
DA:74,1
DA:75,1
DA:78,1
DA:81,1
DA:105,1
DA:106,0
DA:108,1
DA:109,0
DA:110,0
DA:112,0
DA:113,0
DA:115,0
DA:117,1
DA:118,0
DA:119,0
DA:122,1
DA:126,1
DA:127,1
DA:128,0
DA:130,0
DA:131,0
DA:132,0
DA:133,0
DA:134,0
DA:135,0
DA:136,0
DA:137,0
DA:138,0
DA:139,0
DA:142,0
DA:145,1
DA:150,1
DA:151,1
DA:152,1
DA:153,1
DA:154,1
DA:155,1
DA:156,1
DA:157,1
DA:158,1
DA:159,1
DA:161,1
DA:162,1
DA:163,1
DA:165,1
DA:168,0
DA:169,0
DA:171,0
DA:172,0
DA:173,0
DA:174,0
DA:175,0
DA:180,0
DA:181,0
DA:182,0
DA:183,0
DA:189,0
DA:192,0
DA:194,0
DA:195,0
DA:196,0
DA:197,0
DA:198,0
DA:200,0
DA:203,1
DA:204,1
DA:205,1
DA:208,0
DA:209,0
DA:210,0
DA:211,0
DA:212,0
DA:214,0
DA:218,0
DA:219,0
DA:220,0
DA:222,0
DA:224,0
DA:225,0
DA:228,0
DA:229,0
DA:232,0
DA:233,0
DA:237,1
DA:243,1
DA:244,1
DA:245,1
DA:248,1
DA:254,0
DA:255,0
DA:256,0
DA:261,0
DA:262,0
DA:263,0
DA:266,0
DA:267,0
DA:268,0
DA:270,0
DA:271,0
DA:277,0
DA:283,0
DA:284,0
DA:286,0
DA:287,0
DA:291,0
DA:292,0
DA:294,0
DA:295,0
DA:299,0
DA:301,0
DA:302,0
DA:303,0
DA:304,0
DA:305,0
DA:309,0
DA:311,0
DA:312,0
DA:313,0
DA:315,0
DA:317,0
DA:318,0
DA:322,0
DA:324,0
DA:325,0
DA:326,0
DA:328,0
DA:329,0
DA:331,0
DA:332,0
DA:333,0
DA:334,0
DA:335,0
DA:336,0
DA:337,0
DA:338,0
DA:342,0
DA:343,0
DA:344,0
DA:357,0
DA:363,0
DA:364,0
DA:365,0
DA:370,0
DA:371,0
DA:373,0
DA:374,0
DA:376,0
DA:377,0
DA:379,0
DA:380,0
LF:190
LH:67
BRDA:20,0,0,1
BRDA:20,0,1,0
BRDA:37,1,0,10
BRDA:37,1,1,7
BRDA:41,2,0,10
BRDA:41,2,1,7
BRDA:42,3,0,0
BRDA:42,3,1,7
BRDA:44,4,0,0
BRDA:44,4,1,7
BRDA:47,5,0,1
BRDA:47,5,1,6
BRDA:64,6,0,0
BRDA:64,6,1,1
BRDA:64,7,0,1
BRDA:64,7,1,1
BRDA:105,8,0,0
BRDA:105,8,1,1
BRDA:109,9,0,0
BRDA:109,9,1,0
BRDA:112,10,0,0
BRDA:112,10,1,0
BRDA:117,11,0,0
BRDA:117,11,1,1
BRDA:127,12,0,0
BRDA:127,12,1,1
BRDA:156,13,0,1
BRDA:156,13,1,1
BRDA:158,14,0,1
BRDA:158,14,1,0
BRDA:162,15,0,1
BRDA:162,15,1,0
BRDA:165,16,0,1
BRDA:165,16,1,1
BRDA:168,17,0,0
BRDA:168,17,1,0
BRDA:186,18,0,0
BRDA:186,18,1,0
BRDA:203,19,0,1
BRDA:203,19,1,0
BRDA:208,20,0,0
BRDA:208,20,1,0
BRDA:210,21,0,0
BRDA:210,21,1,0
BRDA:218,22,0,0
BRDA:218,22,1,0
BRDA:224,23,0,0
BRDA:224,23,1,0
BRDA:228,24,0,0
BRDA:228,24,1,0
BRDA:232,25,0,0
BRDA:232,25,1,0
BRDA:232,26,0,0
BRDA:232,26,1,0
BRDA:244,27,0,1
BRDA:244,27,1,0
BRDA:244,28,0,1
BRDA:244,28,1,0
BRDA:244,28,2,1
BRDA:244,28,3,0
BRDA:262,29,0,0
BRDA:262,29,1,0
BRDA:283,30,0,0
BRDA:283,30,1,0
BRDA:294,31,0,0
BRDA:294,31,1,0
BRDA:302,32,0,0
BRDA:302,32,1,0
BRDA:304,33,0,0
BRDA:304,33,1,0
BRDA:312,34,0,0
BRDA:312,34,1,0
BRDA:318,35,0,0
BRDA:318,35,1,0
BRDA:319,36,0,0
BRDA:319,36,1,0
BRDA:324,37,0,0
BRDA:324,37,1,0
BRDA:342,38,0,0
BRDA:342,38,1,0
BRDA:364,39,0,0
BRDA:364,39,1,0
BRF:82
BRH:25
end_of_record
